2016/06/23 18:05:02 INFO  - jmeter.util.JMeterUtils: Setting Locale to en_GB 
2016/06/23 18:05:02 INFO  - jmeter.JMeter: Copyright (c) 1998-2015 The Apache Software Foundation 
2016/06/23 18:05:02 INFO  - jmeter.JMeter: Version 2.13 r1665067 
2016/06/23 18:05:02 INFO  - jmeter.JMeter: java.version=1.7.0_79 
2016/06/23 18:05:02 INFO  - jmeter.JMeter: java.vm.name=Java HotSpot(TM) 64-Bit Server VM 
2016/06/23 18:05:02 INFO  - jmeter.JMeter: os.name=Windows 8.1 
2016/06/23 18:05:02 INFO  - jmeter.JMeter: os.arch=amd64 
2016/06/23 18:05:02 INFO  - jmeter.JMeter: os.version=6.3 
2016/06/23 18:05:02 INFO  - jmeter.JMeter: file.encoding=Cp1252 
2016/06/23 18:05:02 INFO  - jmeter.JMeter: Default Locale=English (United Kingdom) 
2016/06/23 18:05:02 INFO  - jmeter.JMeter: JMeter  Locale=English (United Kingdom) 
2016/06/23 18:05:02 INFO  - jmeter.JMeter: JMeterHome=C:\Users\optimus119\Downloads\mobile-api-jmeter\mobile-api-jmeter\build\jmeter 
2016/06/23 18:05:02 INFO  - jmeter.JMeter: user.dir  =C:\Users\optimus119\Downloads\mobile-api-jmeter\mobile-api-jmeter\build\jmeter 
2016/06/23 18:05:02 INFO  - jmeter.JMeter: PWD       =C:\Users\optimus119\Downloads\mobile-api-jmeter\mobile-api-jmeter\build\jmeter 
2016/06/23 18:05:06 INFO  - jmeter.JMeter: IP: 192.168.56.1 Name: Optimus-119 FullName: Optimus-119.optimusdom.com 
2016/06/23 18:05:06 INFO  - jmeter.JMeter: search_paths=/C:/Users/optimus119/.gradle/caches/modules-2/files-2.1/org.apache.jmeter/ApacheJMeter_mail/2.13/b8ff5bc84886c02d03205262ddf90e7adf01e333/ApacheJMeter_mail-2.13.jar;/C:/Users/optimus119/.gradle/caches/modules-2/files-2.1/org.apache.jmeter/ApacheJMeter_monitors/2.13/f10dd4066d5ddf91cf883bd71e8e409565a7afb5/ApacheJMeter_monitors-2.13.jar;/C:/Users/optimus119/.gradle/caches/modules-2/files-2.1/org.apache.jmeter/ApacheJMeter/2.13/8b9e741eff0a94a5c5ee385ad2b1d9ab659c5bf9/ApacheJMeter-2.13.jar;/C:/Users/optimus119/.gradle/caches/modules-2/files-2.1/org.apache.jmeter/ApacheJMeter_jdbc/2.13/65561a64e4afbac2a4dd63017169983c060121da/ApacheJMeter_jdbc-2.13.jar;/C:/Users/optimus119/.gradle/caches/modules-2/files-2.1/org.apache.jmeter/ApacheJMeter_ldap/2.13/31431bb6c19fab5342f216329a9c0bd37375fc50/ApacheJMeter_ldap-2.13.jar;/C:/Users/optimus119/.gradle/caches/modules-2/files-2.1/org.apache.jmeter/ApacheJMeter_config/2.13/5bd3bc1935fa85cf77d175afe9b8e63d4a2a4cff/ApacheJMeter_config-2.13.jar;/C:/Users/optimus119/.gradle/caches/modules-2/files-2.1/org.apache.jmeter/ApacheJMeter_core/2.13/ac0fdf85299d4f61960cea49d7e8b3f9abe90fcd/ApacheJMeter_core-2.13.jar;/C:/Users/optimus119/.gradle/caches/modules-2/files-2.1/org.beanshell/bsh-core/2.0b4/495e25a99e29970ffe8ba0b1d551e1d1a9991fc1/bsh-core-2.0b4.jar;/C:/Users/optimus119/.gradle/caches/modules-2/files-2.1/org.apache.jmeter/ApacheJMeter_functions/2.13/47c860e7e781ab8f327149471b425f4d33b20845/ApacheJMeter_functions-2.13.jar;/C:/Users/optimus119/.gradle/caches/modules-2/files-2.1/org.apache.jmeter/ApacheJMeter_ftp/2.13/232b83021cee7a3042ee4c62c503e8b926208cb4/ApacheJMeter_ftp-2.13.jar;/C:/Users/optimus119/.gradle/caches/modules-2/files-2.1/org.apache.jmeter/ApacheJMeter_http/2.13/3c06ecdb5a4ac30449acea6487949a8c125fd547/ApacheJMeter_http-2.13.jar;/C:/Users/optimus119/.gradle/caches/modules-2/files-2.1/org.apache.jmeter/ApacheJMeter_components/2.13/96e7bedc1e238e02b39063845171bca14525ff01/ApacheJMeter_components-2.13.jar;/C:/Users/optimus119/.gradle/caches/modules-2/files-2.1/org.apache.jmeter/ApacheJMeter_tcp/2.13/7f34411923b941ce7d8d7e9c700a7f7b73726989/ApacheJMeter_tcp-2.13.jar;/C:/Users/optimus119/.gradle/caches/modules-2/files-2.1/org.apache.jmeter/ApacheJMeter_jms/2.13/9d834b1884ab1f14605996ae9efd30bcf751a38e/ApacheJMeter_jms-2.13.jar;/C:/Users/optimus119/.gradle/caches/modules-2/files-2.1/org.apache.jmeter/ApacheJMeter_junit/2.13/98cebf69e1713e39d863cb77d614248db0a64a8c/ApacheJMeter_junit-2.13.jar;/C:/Users/optimus119/.gradle/caches/modules-2/files-2.1/org.apache.jmeter/ApacheJMeter_java/2.13/aa892d72373c520fd589543a820de52b1fba775c/ApacheJMeter_java-2.13.jar;/C:/Users/optimus119/.gradle/caches/modules-2/files-2.1/org.beanshell/bsh/2.0b5/fdc2ab6ae8b53e0d4761b296c116df747cd85199/bsh-2.0b5.jar;C:\Users\optimus119\Downloads\mobile-api-jmeter\mobile-api-jmeter\build\jmeter\lib\ext 
2016/06/23 18:05:06 INFO  - jmeter.JMeter: Adding to classpath and loader: /C:/Users/optimus119/.gradle/caches/modules-2/files-2.1/org.apache.jmeter/ApacheJMeter_mail/2.13/b8ff5bc84886c02d03205262ddf90e7adf01e333/ApacheJMeter_mail-2.13.jar 
2016/06/23 18:05:06 INFO  - jmeter.JMeter: Adding to classpath and loader: /C:/Users/optimus119/.gradle/caches/modules-2/files-2.1/org.apache.jmeter/ApacheJMeter_monitors/2.13/f10dd4066d5ddf91cf883bd71e8e409565a7afb5/ApacheJMeter_monitors-2.13.jar 
2016/06/23 18:05:06 INFO  - jmeter.JMeter: Adding to classpath and loader: /C:/Users/optimus119/.gradle/caches/modules-2/files-2.1/org.apache.jmeter/ApacheJMeter/2.13/8b9e741eff0a94a5c5ee385ad2b1d9ab659c5bf9/ApacheJMeter-2.13.jar 
2016/06/23 18:05:06 INFO  - jmeter.JMeter: Adding to classpath and loader: /C:/Users/optimus119/.gradle/caches/modules-2/files-2.1/org.apache.jmeter/ApacheJMeter_jdbc/2.13/65561a64e4afbac2a4dd63017169983c060121da/ApacheJMeter_jdbc-2.13.jar 
2016/06/23 18:05:06 INFO  - jmeter.JMeter: Adding to classpath and loader: /C:/Users/optimus119/.gradle/caches/modules-2/files-2.1/org.apache.jmeter/ApacheJMeter_ldap/2.13/31431bb6c19fab5342f216329a9c0bd37375fc50/ApacheJMeter_ldap-2.13.jar 
2016/06/23 18:05:06 INFO  - jmeter.JMeter: Adding to classpath and loader: /C:/Users/optimus119/.gradle/caches/modules-2/files-2.1/org.apache.jmeter/ApacheJMeter_config/2.13/5bd3bc1935fa85cf77d175afe9b8e63d4a2a4cff/ApacheJMeter_config-2.13.jar 
2016/06/23 18:05:06 INFO  - jmeter.JMeter: Adding to classpath and loader: /C:/Users/optimus119/.gradle/caches/modules-2/files-2.1/org.apache.jmeter/ApacheJMeter_core/2.13/ac0fdf85299d4f61960cea49d7e8b3f9abe90fcd/ApacheJMeter_core-2.13.jar 
2016/06/23 18:05:06 INFO  - jmeter.JMeter: Adding to classpath and loader: /C:/Users/optimus119/.gradle/caches/modules-2/files-2.1/org.beanshell/bsh-core/2.0b4/495e25a99e29970ffe8ba0b1d551e1d1a9991fc1/bsh-core-2.0b4.jar 
2016/06/23 18:05:06 INFO  - jmeter.JMeter: Adding to classpath and loader: /C:/Users/optimus119/.gradle/caches/modules-2/files-2.1/org.apache.jmeter/ApacheJMeter_functions/2.13/47c860e7e781ab8f327149471b425f4d33b20845/ApacheJMeter_functions-2.13.jar 
2016/06/23 18:05:06 INFO  - jmeter.JMeter: Adding to classpath and loader: /C:/Users/optimus119/.gradle/caches/modules-2/files-2.1/org.apache.jmeter/ApacheJMeter_ftp/2.13/232b83021cee7a3042ee4c62c503e8b926208cb4/ApacheJMeter_ftp-2.13.jar 
2016/06/23 18:05:06 INFO  - jmeter.JMeter: Adding to classpath and loader: /C:/Users/optimus119/.gradle/caches/modules-2/files-2.1/org.apache.jmeter/ApacheJMeter_http/2.13/3c06ecdb5a4ac30449acea6487949a8c125fd547/ApacheJMeter_http-2.13.jar 
2016/06/23 18:05:06 INFO  - jmeter.JMeter: Adding to classpath and loader: /C:/Users/optimus119/.gradle/caches/modules-2/files-2.1/org.apache.jmeter/ApacheJMeter_components/2.13/96e7bedc1e238e02b39063845171bca14525ff01/ApacheJMeter_components-2.13.jar 
2016/06/23 18:05:06 INFO  - jmeter.JMeter: Adding to classpath and loader: /C:/Users/optimus119/.gradle/caches/modules-2/files-2.1/org.apache.jmeter/ApacheJMeter_tcp/2.13/7f34411923b941ce7d8d7e9c700a7f7b73726989/ApacheJMeter_tcp-2.13.jar 
2016/06/23 18:05:06 INFO  - jmeter.JMeter: Adding to classpath and loader: /C:/Users/optimus119/.gradle/caches/modules-2/files-2.1/org.apache.jmeter/ApacheJMeter_jms/2.13/9d834b1884ab1f14605996ae9efd30bcf751a38e/ApacheJMeter_jms-2.13.jar 
2016/06/23 18:05:06 INFO  - jmeter.JMeter: Adding to classpath and loader: /C:/Users/optimus119/.gradle/caches/modules-2/files-2.1/org.apache.jmeter/ApacheJMeter_junit/2.13/98cebf69e1713e39d863cb77d614248db0a64a8c/ApacheJMeter_junit-2.13.jar 
2016/06/23 18:05:06 INFO  - jmeter.JMeter: Adding to classpath and loader: /C:/Users/optimus119/.gradle/caches/modules-2/files-2.1/org.apache.jmeter/ApacheJMeter_java/2.13/aa892d72373c520fd589543a820de52b1fba775c/ApacheJMeter_java-2.13.jar 
2016/06/23 18:05:06 INFO  - jmeter.JMeter: Adding to classpath and loader: /C:/Users/optimus119/.gradle/caches/modules-2/files-2.1/org.beanshell/bsh/2.0b5/fdc2ab6ae8b53e0d4761b296c116df747cd85199/bsh-2.0b5.jar 
2016/06/23 18:05:06 INFO  - jmeter.JMeter: Adding to classpath and loader: C:\Users\optimus119\Downloads\mobile-api-jmeter\mobile-api-jmeter\build\jmeter\lib\ext 
2016/06/23 18:05:06 INFO  - jmeter.services.FileServer: Default base='C:\Users\optimus119\Downloads\mobile-api-jmeter\mobile-api-jmeter\build\jmeter' 
2016/06/23 18:05:06 INFO  - jmeter.services.FileServer: Set new base='C:\Users\optimus119\Downloads\mobile-api-jmeter\mobile-api-jmeter\src\test\jmeter\functional' 
2016/06/23 18:05:06 INFO  - jmeter.save.SaveService: Testplan (JMX) version: 2.2. Testlog (JTL) version: 2.2 
2016/06/23 18:05:06 INFO  - jmeter.save.SaveService: Using SaveService properties file encoding UTF-8 
2016/06/23 18:05:06 INFO  - jmeter.save.SaveService: Using SaveService properties file version 1656252 
2016/06/23 18:05:06 INFO  - jmeter.save.SaveService: Using SaveService properties version 2.8 
2016/06/23 18:05:06 INFO  - jmeter.save.SaveService: All converter versions present and correct 
2016/06/23 18:05:06 INFO  - jmeter.save.SaveService: Loading file: C:\Users\optimus119\Downloads\mobile-api-jmeter\mobile-api-jmeter\src\test\jmeter\functional\lululemon - Happy Path - Final.jmx 
2016/06/23 18:05:07 INFO  - jmeter.protocol.http.control.CookieManager: Settings: Delete null: true Check: true Allow variable: true Save: false Prefix: COOKIE_ 
2016/06/23 18:05:07 INFO  - jmeter.protocol.http.sampler.HTTPSamplerBase: No response parsers defined: text/html only will be scanned for embedded resources 
2016/06/23 18:05:07 INFO  - jmeter.JMeter: Creating summariser <summary> 
2016/06/23 18:05:07 INFO  - jmeter.engine.StandardJMeterEngine: Listeners will be started after enabling running version 
2016/06/23 18:05:07 INFO  - jmeter.engine.StandardJMeterEngine: To revert to the earlier behaviour, define jmeterengine.startlistenerslater=false 
2016/06/23 18:05:07 INFO  - jmeter.engine.StandardJMeterEngine: Running the test! 
2016/06/23 18:05:07 INFO  - jmeter.samplers.SampleEvent: List of sample_variables: [] 
2016/06/23 18:05:07 INFO  - jmeter.samplers.SampleEvent: List of sample_variables: [] 
2016/06/23 18:05:07 INFO  - jmeter.JMeter: Running test (1466685307505) 
2016/06/23 18:05:07 INFO  - jmeter.engine.StandardJMeterEngine: Starting ThreadGroup: 1 : Happy Path APIs 
2016/06/23 18:05:07 INFO  - jmeter.engine.StandardJMeterEngine: Starting 1 threads for group Happy Path APIs. 
2016/06/23 18:05:07 INFO  - jmeter.engine.StandardJMeterEngine: Thread will continue on error 
2016/06/23 18:05:07 INFO  - jmeter.threads.ThreadGroup: Starting thread group number 1 threads 1 ramp-up 1 perThread 1000.0 delayedStart=false 
2016/06/23 18:05:07 INFO  - jmeter.threads.JMeterThread: jmeterthread.startearlier=true (see jmeter.properties) 
2016/06/23 18:05:07 INFO  - jmeter.threads.JMeterThread: Running PostProcessors in forward order 
2016/06/23 18:05:07 INFO  - jmeter.threads.ThreadGroup: Started thread group number 1 
2016/06/23 18:05:07 INFO  - jmeter.engine.StandardJMeterEngine: All thread groups have been started 
2016/06/23 18:05:07 INFO  - jmeter.samplers.SampleResult: Note: Sample TimeStamps are END times 
2016/06/23 18:05:07 INFO  - jmeter.samplers.SampleResult: sampleresult.default.encoding is set to ISO-8859-1 
2016/06/23 18:05:07 INFO  - jmeter.samplers.SampleResult: sampleresult.useNanoTime=true 
2016/06/23 18:05:07 INFO  - jmeter.samplers.SampleResult: sampleresult.nanoThreadSleep=5000 
2016/06/23 18:05:07 INFO  - jmeter.threads.JMeterThread: Thread started: Happy Path APIs 1-1 
2016/06/23 18:05:07 INFO  - jmeter.protocol.http.sampler.HTTPHCAbstractImpl: Local host = Optimus-119 
2016/06/23 18:05:07 INFO  - jmeter.protocol.http.sampler.HTTPHC3Impl: HTTP request retry count = 0 
2016/06/23 18:05:07 INFO  - jmeter.util.JsseSSLManager: Using default SSL protocol: TLS 
2016/06/23 18:05:07 INFO  - jmeter.util.JsseSSLManager: SSL session context: per-thread 
2016/06/23 18:05:07 INFO  - jmeter.util.SSLManager: JmeterKeyStore Location:  type JKS 
2016/06/23 18:05:07 INFO  - jmeter.util.SSLManager: KeyStore created OK 
2016/06/23 18:05:07 WARN  - jmeter.util.SSLManager: Keystore file not found, loading empty keystore 
2016/06/23 18:05:09 INFO  - jmeter.protocol.http.sampler.HTTPHC4Impl: HTTP request retry count = 0 
2016/06/23 18:05:09 INFO  - jmeter.protocol.http.sampler.HTTPHC4Impl: Setting up HTTPS TrustAll scheme 
2016/06/23 18:05:20 INFO  - jmeter.threads.JMeterThread: Thread is done: Happy Path APIs 1-1 
2016/06/23 18:05:20 INFO  - jmeter.threads.JMeterThread: Thread finished: Happy Path APIs 1-1 
2016/06/23 18:05:20 INFO  - jmeter.engine.StandardJMeterEngine: Notifying test listeners of end of test 
2016/06/23 18:05:20 INFO  - jmeter.reporters.Summariser: summary =     13 in    13s =    1.0/s Avg:  1777 Min:   335 Max: 10642 Err:     0 (0.00%) 
